app/build/intermediates/manifest_merge_blame_file/debug/manifest-merger-blame-debug-report.txt
1<?xml version="1.0" encoding="utf-8"?>
2<manifest xmlns:android="http://schemas.android.com/apk/res/android"
3    package="com.teamten.visionfit"
4    android:installLocation="auto"
5    android:versionCode="11"
6    android:versionName="1.11" >
7
8    <uses-sdk
9        android:minSdkVersion="21"
9-->src\main\AndroidManifest.xml
10        android:targetSdkVersion="34" />
10-->src\main\AndroidManifest.xml
11    <!--
12    CameraX libraries require minSdkVersion 21, while this quickstart app
13    supports low to 19. Needs to use overrideLibrary to make the merger tool
14    ignore this conflict and import the libraries while keeping the app's lower
15    minSdkVersion value. In code, will check SDK version, before calling CameraX
16    APIs.
17    -->
18    <!--
19    <uses-sdk
20        tools:overrideLibrary="
21          androidx.camera.camera2, androidx.camera.core,
22          androidx.camera.view, androidx.camera.lifecycle,
23          com.google.mlkit.vision.segmentation.subject" />
24    -->
25    <uses-feature android:name="android.hardware.camera" />
25-->src\main\AndroidManifest.xml:20:5-60
25-->src\main\AndroidManifest.xml:20:19-57
26
27    <uses-permission android:name="android.permission.INTERNET" />
27-->src\main\AndroidManifest.xml:22:5-67
27-->src\main\AndroidManifest.xml:22:22-64
28    <uses-permission android:name="android.permission.WRITE_EXTERNAL_STORAGE" />
28-->src\main\AndroidManifest.xml:23:5-81
28-->src\main\AndroidManifest.xml:23:22-78
29    <uses-permission android:name="android.permission.READ_EXTERNAL_STORAGE" />
29-->src\main\AndroidManifest.xml:24:5-80
29-->src\main\AndroidManifest.xml:24:22-77
30    <uses-permission android:name="android.permission.CAMERA" />
30-->src\main\AndroidManifest.xml:25:5-65
30-->src\main\AndroidManifest.xml:25:22-62
31
32    <queries>
32-->src\main\AndroidManifest.xml:27:5-31:15
33        <intent>
33-->src\main\AndroidManifest.xml:28:9-30:18
34            <action android:name="android.media.action.IMAGE_CAPTURE" />
34-->src\main\AndroidManifest.xml:29:13-73
34-->src\main\AndroidManifest.xml:29:21-70
35        </intent>
36    </queries>
37
38    <uses-permission android:name="android.permission.ACCESS_NETWORK_STATE" />
38-->[com.google.firebase:firebase-auth:22.3.1] AndroidManifest.xml:26:5-79
38-->[com.google.firebase:firebase-auth:22.3.1] AndroidManifest.xml:26:22-76
39    <uses-permission android:name="com.google.android.providers.gsf.permission.READ_GSERVICES" />
39-->[com.google.android.recaptcha:recaptcha:18.4.0] AndroidManifest.xml:9:5-98
39-->[com.google.android.recaptcha:recaptcha:18.4.0] AndroidManifest.xml:9:22-95
40    <uses-permission android:name="android.permission.WAKE_LOCK" />
40-->[androidx.work:work-runtime:2.7.0] AndroidManifest.xml:25:5-68
40-->[androidx.work:work-runtime:2.7.0] AndroidManifest.xml:25:22-65
41    <uses-permission android:name="android.permission.RECEIVE_BOOT_COMPLETED" />
41-->[androidx.work:work-runtime:2.7.0] AndroidManifest.xml:27:5-81
41-->[androidx.work:work-runtime:2.7.0] AndroidManifest.xml:27:22-78
42    <uses-permission android:name="android.permission.FOREGROUND_SERVICE" />
42-->[androidx.work:work-runtime:2.7.0] AndroidManifest.xml:28:5-77
42-->[androidx.work:work-runtime:2.7.0] AndroidManifest.xml:28:22-74
43
44    <permission
44-->[androidx.core:core:1.10.0] AndroidManifest.xml:22:5-24:47
45        android:name="com.teamten.visionfit.DYNAMIC_RECEIVER_NOT_EXPORTED_PERMISSION"
45-->[androidx.core:core:1.10.0] AndroidManifest.xml:23:9-81
46        android:protectionLevel="signature" />
46-->[androidx.core:core:1.10.0] AndroidManifest.xml:24:9-44
47
48    <uses-permission android:name="com.teamten.visionfit.DYNAMIC_RECEIVER_NOT_EXPORTED_PERMISSION" />
48-->[androidx.core:core:1.10.0] AndroidManifest.xml:26:5-97
48-->[androidx.core:core:1.10.0] AndroidManifest.xml:26:22-94
49
50    <application
50-->src\main\AndroidManifest.xml:33:5-98:19
51        android:name="androidx.multidex.MultiDexApplication"
51-->src\main\AndroidManifest.xml:34:9-61
52        android:appComponentFactory="androidx.core.app.CoreComponentFactory"
52-->[androidx.core:core:1.10.0] AndroidManifest.xml:28:18-86
53        android:debuggable="true"
54        android:icon="@drawable/logo_mlkit"
54-->src\main\AndroidManifest.xml:35:9-44
55        android:label="@string/app_name"
55-->src\main\AndroidManifest.xml:36:9-41
56        android:testOnly="true"
57        android:theme="@style/Theme.AppCompat" >
57-->src\main\AndroidManifest.xml:37:9-47
58        <activity
58-->src\main\AndroidManifest.xml:38:9-47:20
59            android:name="com.teamten.visionfit.Login"
59-->src\main\AndroidManifest.xml:39:13-34
60            android:exported="true"
60-->src\main\AndroidManifest.xml:41:13-36
61            android:theme="@style/Theme.AppCompat.Light.NoActionBar" >
61-->src\main\AndroidManifest.xml:40:13-69
62            <intent-filter>
62-->src\main\AndroidManifest.xml:42:13-46:29
63                <action android:name="android.intent.action.MAIN" />
63-->src\main\AndroidManifest.xml:43:17-69
63-->src\main\AndroidManifest.xml:43:25-66
64
65                <category android:name="android.intent.category.LAUNCHER" />
65-->src\main\AndroidManifest.xml:45:17-77
65-->src\main\AndroidManifest.xml:45:27-74
66            </intent-filter>
67        </activity>
68        <activity
68-->src\main\AndroidManifest.xml:48:9-56:20
69            android:name="com.teamten.visionfit.Register"
69-->src\main\AndroidManifest.xml:49:13-37
70            android:exported="false"
70-->src\main\AndroidManifest.xml:51:13-37
71            android:theme="@style/Theme.AppCompat.Light.NoActionBar" >
71-->src\main\AndroidManifest.xml:50:13-69
72            <meta-data
72-->src\main\AndroidManifest.xml:53:13-55:36
73                android:name="android.app.lib_name"
73-->src\main\AndroidManifest.xml:54:17-52
74                android:value="" />
74-->src\main\AndroidManifest.xml:55:17-33
75        </activity>
76        <activity
76-->src\main\AndroidManifest.xml:57:9-64:20
77            android:name="com.teamten.visionfit.MainActivity"
77-->src\main\AndroidManifest.xml:58:13-41
78            android:exported="true" >
78-->src\main\AndroidManifest.xml:59:13-36
79            <meta-data
79-->src\main\AndroidManifest.xml:53:13-55:36
80                android:name="android.app.lib_name"
80-->src\main\AndroidManifest.xml:54:17-52
81                android:value="" />
81-->src\main\AndroidManifest.xml:55:17-33
82        </activity>
83
84        <meta-data
84-->src\main\AndroidManifest.xml:66:9-68:69
85            android:name="com.google.android.gms.version"
85-->src\main\AndroidManifest.xml:67:13-58
86            android:value="@integer/google_play_services_version" />
86-->src\main\AndroidManifest.xml:68:13-66
87        <!--
88 Optional: Add it to automatically download ML model to device after
89          your app is installed.
90        -->
91        <!--
92        <meta-data
93            android:name="com.google.mlkit.vision.DEPENDENCIES"
94            android:value="barcode,face,ocr,ocr_chinese,ocr_devanagari,ocr_japanese,ocr_korean,ica,custom_ica,subject_segment"/>
95        -->
96        <activity
96-->src\main\AndroidManifest.xml:78:9-87:20
97            android:name="com.teamten.visionfit.EntryChoiceActivity"
97-->src\main\AndroidManifest.xml:79:13-48
98            android:exported="true"
98-->src\main\AndroidManifest.xml:80:13-36
99            android:theme="@style/AppTheme" >
99-->src\main\AndroidManifest.xml:81:13-44
100            <intent-filter>
100-->src\main\AndroidManifest.xml:42:13-46:29
101                <action android:name="android.intent.action.MAIN" />
101-->src\main\AndroidManifest.xml:43:17-69
101-->src\main\AndroidManifest.xml:43:25-66
102
103                <category android:name="android.intent.category.LAUNCHER" />
103-->src\main\AndroidManifest.xml:45:17-77
103-->src\main\AndroidManifest.xml:45:27-74
104            </intent-filter>
105        </activity>
106        <activity
106-->src\main\AndroidManifest.xml:88:9-90:40
107            android:name="com.teamten.visionfit.java.ChooserActivity"
107-->src\main\AndroidManifest.xml:89:13-49
108            android:exported="false" />
108-->src\main\AndroidManifest.xml:90:13-37
109        <activity
109-->src\main\AndroidManifest.xml:91:9-94:47
110            android:name="com.teamten.visionfit.java.LivePreviewActivity"
110-->src\main\AndroidManifest.xml:92:13-53
111            android:exported="false"
111-->src\main\AndroidManifest.xml:93:13-37
112            android:theme="@style/AppTheme" />
112-->src\main\AndroidManifest.xml:94:13-44
113        <activity
113-->src\main\AndroidManifest.xml:95:9-97:40
114            android:name="com.teamten.visionfit.preference.SettingsActivity"
114-->src\main\AndroidManifest.xml:96:13-56
115            android:exported="false" />
115-->src\main\AndroidManifest.xml:97:13-37
116        <activity
116-->[androidx.compose.ui:ui-tooling-android:1.5.0] AndroidManifest.xml:23:9-25:39
117            android:name="androidx.compose.ui.tooling.PreviewActivity"
117-->[androidx.compose.ui:ui-tooling-android:1.5.0] AndroidManifest.xml:24:13-71
118            android:exported="true" />
118-->[androidx.compose.ui:ui-tooling-android:1.5.0] AndroidManifest.xml:25:13-36
119        <activity
119-->[com.google.firebase:firebase-auth:22.3.1] AndroidManifest.xml:29:9-46:20
120            android:name="com.google.firebase.auth.internal.GenericIdpActivity"
120-->[com.google.firebase:firebase-auth:22.3.1] AndroidManifest.xml:30:13-80
121            android:excludeFromRecents="true"
121-->[com.google.firebase:firebase-auth:22.3.1] AndroidManifest.xml:31:13-46
122            android:exported="true"
122-->[com.google.firebase:firebase-auth:22.3.1] AndroidManifest.xml:32:13-36
123            android:launchMode="singleTask"
123-->[com.google.firebase:firebase-auth:22.3.1] AndroidManifest.xml:33:13-44
124            android:theme="@android:style/Theme.Translucent.NoTitleBar" >
124-->[com.google.firebase:firebase-auth:22.3.1] AndroidManifest.xml:34:13-72
125            <intent-filter>
125-->[com.google.firebase:firebase-auth:22.3.1] AndroidManifest.xml:35:13-45:29
126                <action android:name="android.intent.action.VIEW" />
126-->[com.google.firebase:firebase-auth:22.3.1] AndroidManifest.xml:36:17-69
126-->[com.google.firebase:firebase-auth:22.3.1] AndroidManifest.xml:36:25-66
127
128                <category android:name="android.intent.category.DEFAULT" />
128-->[com.google.firebase:firebase-auth:22.3.1] AndroidManifest.xml:38:17-76
128-->[com.google.firebase:firebase-auth:22.3.1] AndroidManifest.xml:38:27-73
129                <category android:name="android.intent.category.BROWSABLE" />
129-->[com.google.firebase:firebase-auth:22.3.1] AndroidManifest.xml:39:17-78
129-->[com.google.firebase:firebase-auth:22.3.1] AndroidManifest.xml:39:27-75
130
131                <data
131-->[com.google.firebase:firebase-auth:22.3.1] AndroidManifest.xml:41:17-44:51
132                    android:host="firebase.auth"
132-->[com.google.firebase:firebase-auth:22.3.1] AndroidManifest.xml:42:21-49
133                    android:path="/"
133-->[com.google.firebase:firebase-auth:22.3.1] AndroidManifest.xml:43:21-37
134                    android:scheme="genericidp" />
134-->[com.google.firebase:firebase-auth:22.3.1] AndroidManifest.xml:44:21-48
135            </intent-filter>
136        </activity>
137        <activity
137-->[com.google.firebase:firebase-auth:22.3.1] AndroidManifest.xml:47:9-64:20
138            android:name="com.google.firebase.auth.internal.RecaptchaActivity"
138-->[com.google.firebase:firebase-auth:22.3.1] AndroidManifest.xml:48:13-79
139            android:excludeFromRecents="true"
139-->[com.google.firebase:firebase-auth:22.3.1] AndroidManifest.xml:49:13-46
140            android:exported="true"
140-->[com.google.firebase:firebase-auth:22.3.1] AndroidManifest.xml:50:13-36
141            android:launchMode="singleTask"
141-->[com.google.firebase:firebase-auth:22.3.1] AndroidManifest.xml:51:13-44
142            android:theme="@android:style/Theme.Translucent.NoTitleBar" >
142-->[com.google.firebase:firebase-auth:22.3.1] AndroidManifest.xml:52:13-72
143            <intent-filter>
143-->[com.google.firebase:firebase-auth:22.3.1] AndroidManifest.xml:53:13-63:29
144                <action android:name="android.intent.action.VIEW" />
144-->[com.google.firebase:firebase-auth:22.3.1] AndroidManifest.xml:36:17-69
144-->[com.google.firebase:firebase-auth:22.3.1] AndroidManifest.xml:36:25-66
145
146                <category android:name="android.intent.category.DEFAULT" />
146-->[com.google.firebase:firebase-auth:22.3.1] AndroidManifest.xml:38:17-76
146-->[com.google.firebase:firebase-auth:22.3.1] AndroidManifest.xml:38:27-73
147                <category android:name="android.intent.category.BROWSABLE" />
147-->[com.google.firebase:firebase-auth:22.3.1] AndroidManifest.xml:39:17-78
147-->[com.google.firebase:firebase-auth:22.3.1] AndroidManifest.xml:39:27-75
148
149                <data
149-->[com.google.firebase:firebase-auth:22.3.1] AndroidManifest.xml:41:17-44:51
150                    android:host="firebase.auth"
150-->[com.google.firebase:firebase-auth:22.3.1] AndroidManifest.xml:42:21-49
151                    android:path="/"
151-->[com.google.firebase:firebase-auth:22.3.1] AndroidManifest.xml:43:21-37
152                    android:scheme="recaptcha" />
152-->[com.google.firebase:firebase-auth:22.3.1] AndroidManifest.xml:44:21-48
153            </intent-filter>
154        </activity>
155
156        <service
156-->[com.google.firebase:firebase-auth:22.3.1] AndroidManifest.xml:66:9-72:19
157            android:name="com.google.firebase.components.ComponentDiscoveryService"
157-->[com.google.firebase:firebase-auth:22.3.1] AndroidManifest.xml:67:13-84
158            android:directBootAware="true"
158-->[com.google.firebase:firebase-common:20.4.2] AndroidManifest.xml:32:13-43
159            android:exported="false" >
159-->[com.google.firebase:firebase-auth:22.3.1] AndroidManifest.xml:68:13-37
160            <meta-data
160-->[com.google.firebase:firebase-auth:22.3.1] AndroidManifest.xml:69:13-71:85
161                android:name="com.google.firebase.components:com.google.firebase.auth.FirebaseAuthRegistrar"
161-->[com.google.firebase:firebase-auth:22.3.1] AndroidManifest.xml:70:17-109
162                android:value="com.google.firebase.components.ComponentRegistrar" />
162-->[com.google.firebase:firebase-auth:22.3.1] AndroidManifest.xml:71:17-82
163            <meta-data
163-->[com.google.firebase:firebase-common-ktx:20.4.2] AndroidManifest.xml:12:13-14:85
164                android:name="com.google.firebase.components:com.google.firebase.ktx.FirebaseCommonLegacyRegistrar"
164-->[com.google.firebase:firebase-common-ktx:20.4.2] AndroidManifest.xml:13:17-116
165                android:value="com.google.firebase.components.ComponentRegistrar" />
165-->[com.google.firebase:firebase-common-ktx:20.4.2] AndroidManifest.xml:14:17-82
166            <meta-data
166-->[com.google.firebase:firebase-common:20.4.2] AndroidManifest.xml:35:13-37:85
167                android:name="com.google.firebase.components:com.google.firebase.FirebaseCommonKtxRegistrar"
167-->[com.google.firebase:firebase-common:20.4.2] AndroidManifest.xml:36:17-109
168                android:value="com.google.firebase.components.ComponentRegistrar" />
168-->[com.google.firebase:firebase-common:20.4.2] AndroidManifest.xml:37:17-82
169        </service>
170        <!--
171             Required for ML Kit Pose Detection GPU acceleration. Applications that target Android
172             S+ require explicit declaration of any referenced vendor-provided libraries.
173        -->
174        <uses-native-library
174-->[com.google.mlkit:pose-detection-common:18.0.0-beta3] AndroidManifest.xml:16:9-18:40
175            android:name="libOpenCL.so"
175-->[com.google.mlkit:pose-detection-common:18.0.0-beta3] AndroidManifest.xml:17:13-40
176            android:required="false" />
176-->[com.google.mlkit:pose-detection-common:18.0.0-beta3] AndroidManifest.xml:18:13-37
177        <uses-native-library
177-->[com.google.mlkit:pose-detection-common:18.0.0-beta3] AndroidManifest.xml:16:9-18:40
178            android:name="libOpenCL-car.so"
178-->[com.google.mlkit:pose-detection-common:18.0.0-beta3] AndroidManifest.xml:17:13-40
179            android:required="false" />
179-->[com.google.mlkit:pose-detection-common:18.0.0-beta3] AndroidManifest.xml:18:13-37
180        <uses-native-library
180-->[com.google.mlkit:pose-detection-common:18.0.0-beta3] AndroidManifest.xml:16:9-18:40
181            android:name="libOpenCL-pixel.so"
181-->[com.google.mlkit:pose-detection-common:18.0.0-beta3] AndroidManifest.xml:17:13-40
182            android:required="false" />
182-->[com.google.mlkit:pose-detection-common:18.0.0-beta3] AndroidManifest.xml:18:13-37
183
184        <service
184-->[com.google.mlkit:pose-detection-common:18.0.0-beta3] AndroidManifest.xml:26:9-32:19
185            android:name="com.google.mlkit.common.internal.MlKitComponentDiscoveryService"
185-->[com.google.mlkit:pose-detection-common:18.0.0-beta3] AndroidManifest.xml:27:13-91
186            android:directBootAware="true"
186-->[com.google.mlkit:common:18.5.0] AndroidManifest.xml:17:13-43
187            android:exported="false" >
187-->[com.google.mlkit:pose-detection-common:18.0.0-beta3] AndroidManifest.xml:28:13-37
188            <meta-data
188-->[com.google.mlkit:pose-detection-common:18.0.0-beta3] AndroidManifest.xml:29:13-31:85
189                android:name="com.google.firebase.components:com.google.mlkit.vision.pose.internal.PoseRegistrar"
189-->[com.google.mlkit:pose-detection-common:18.0.0-beta3] AndroidManifest.xml:30:17-114
190                android:value="com.google.firebase.components.ComponentRegistrar" />
190-->[com.google.mlkit:pose-detection-common:18.0.0-beta3] AndroidManifest.xml:31:17-82
191            <meta-data
191-->[com.google.mlkit:vision-common:17.2.1] AndroidManifest.xml:12:13-14:85
192                android:name="com.google.firebase.components:com.google.mlkit.vision.common.internal.VisionCommonRegistrar"
192-->[com.google.mlkit:vision-common:17.2.1] AndroidManifest.xml:13:17-124
193                android:value="com.google.firebase.components.ComponentRegistrar" />
193-->[com.google.mlkit:vision-common:17.2.1] AndroidManifest.xml:14:17-82
194            <meta-data
194-->[com.google.mlkit:common:18.5.0] AndroidManifest.xml:20:13-22:85
195                android:name="com.google.firebase.components:com.google.mlkit.common.internal.CommonComponentRegistrar"
195-->[com.google.mlkit:common:18.5.0] AndroidManifest.xml:21:17-120
196                android:value="com.google.firebase.components.ComponentRegistrar" />
196-->[com.google.mlkit:common:18.5.0] AndroidManifest.xml:22:17-82
197        </service>
198        <service
198-->[com.google.mlkit:acceleration:16.0.0-beta1] AndroidManifest.xml:8:9-11:68
199            android:name="com.google.mlkit.acceleration.internal.MlKitRemoteWorkerService"
199-->[com.google.mlkit:acceleration:16.0.0-beta1] AndroidManifest.xml:9:13-91
200            android:exported="false"
200-->[com.google.mlkit:acceleration:16.0.0-beta1] AndroidManifest.xml:10:13-37
201            android:process=":mlkit_acceleration_mini_benchmark" />
201-->[com.google.mlkit:acceleration:16.0.0-beta1] AndroidManifest.xml:11:13-65
202
203        <provider
203-->[com.google.mlkit:common:18.5.0] AndroidManifest.xml:9:9-13:38
204            android:name="com.google.mlkit.common.internal.MlKitInitProvider"
204-->[com.google.mlkit:common:18.5.0] AndroidManifest.xml:10:13-78
205            android:authorities="com.teamten.visionfit.mlkitinitprovider"
205-->[com.google.mlkit:common:18.5.0] AndroidManifest.xml:11:13-69
206            android:exported="false"
206-->[com.google.mlkit:common:18.5.0] AndroidManifest.xml:12:13-37
207            android:initOrder="99" />
207-->[com.google.mlkit:common:18.5.0] AndroidManifest.xml:13:13-35
208
209        <activity
209-->[com.google.android.gms:play-services-base:18.1.0] AndroidManifest.xml:20:9-22:45
210            android:name="com.google.android.gms.common.api.GoogleApiActivity"
210-->[com.google.android.gms:play-services-base:18.1.0] AndroidManifest.xml:20:19-85
211            android:exported="false"
211-->[com.google.android.gms:play-services-base:18.1.0] AndroidManifest.xml:22:19-43
212            android:theme="@android:style/Theme.Translucent.NoTitleBar" />
212-->[com.google.android.gms:play-services-base:18.1.0] AndroidManifest.xml:21:19-78
213
214        <provider
214-->[com.google.firebase:firebase-common:20.4.2] AndroidManifest.xml:23:9-28:39
215            android:name="com.google.firebase.provider.FirebaseInitProvider"
215-->[com.google.firebase:firebase-common:20.4.2] AndroidManifest.xml:24:13-77
216            android:authorities="com.teamten.visionfit.firebaseinitprovider"
216-->[com.google.firebase:firebase-common:20.4.2] AndroidManifest.xml:25:13-72
217            android:directBootAware="true"
217-->[com.google.firebase:firebase-common:20.4.2] AndroidManifest.xml:26:13-43
218            android:exported="false"
218-->[com.google.firebase:firebase-common:20.4.2] AndroidManifest.xml:27:13-37
219            android:initOrder="100" />
219-->[com.google.firebase:firebase-common:20.4.2] AndroidManifest.xml:28:13-36
220
221        <service
221-->[androidx.work:work-multiprocess:2.7.0] AndroidManifest.xml:25:9-27:40
222            android:name="androidx.work.multiprocess.RemoteWorkManagerService"
222-->[androidx.work:work-multiprocess:2.7.0] AndroidManifest.xml:26:13-79
223            android:exported="false" />
223-->[androidx.work:work-multiprocess:2.7.0] AndroidManifest.xml:27:13-37
224
225        <provider
225-->[androidx.work:work-runtime:2.7.0] AndroidManifest.xml:31:9-39:20
226            android:name="androidx.startup.InitializationProvider"
226-->[androidx.work:work-runtime:2.7.0] AndroidManifest.xml:32:13-67
227            android:authorities="com.teamten.visionfit.androidx-startup"
227-->[androidx.work:work-runtime:2.7.0] AndroidManifest.xml:33:13-68
228            android:exported="false" >
228-->[androidx.work:work-runtime:2.7.0] AndroidManifest.xml:34:13-37
229            <meta-data
229-->[androidx.work:work-runtime:2.7.0] AndroidManifest.xml:36:13-38:52
230                android:name="androidx.work.WorkManagerInitializer"
230-->[androidx.work:work-runtime:2.7.0] AndroidManifest.xml:37:17-68
231                android:value="androidx.startup" />
231-->[androidx.work:work-runtime:2.7.0] AndroidManifest.xml:38:17-49
232            <meta-data
232-->[androidx.emoji2:emoji2:1.4.0] AndroidManifest.xml:29:13-31:52
233                android:name="androidx.emoji2.text.EmojiCompatInitializer"
233-->[androidx.emoji2:emoji2:1.4.0] AndroidManifest.xml:30:17-75
234                android:value="androidx.startup" />
234-->[androidx.emoji2:emoji2:1.4.0] AndroidManifest.xml:31:17-49
235            <meta-data
235-->[androidx.lifecycle:lifecycle-process:2.7.0] AndroidManifest.xml:29:13-31:52
236                android:name="androidx.lifecycle.ProcessLifecycleInitializer"
236-->[androidx.lifecycle:lifecycle-process:2.7.0] AndroidManifest.xml:30:17-78
237                android:value="androidx.startup" />
237-->[androidx.lifecycle:lifecycle-process:2.7.0] AndroidManifest.xml:31:17-49
238            <meta-data
238-->[androidx.profileinstaller:profileinstaller:1.3.0] AndroidManifest.xml:29:13-31:52
239                android:name="androidx.profileinstaller.ProfileInstallerInitializer"
239-->[androidx.profileinstaller:profileinstaller:1.3.0] AndroidManifest.xml:30:17-85
240                android:value="androidx.startup" />
240-->[androidx.profileinstaller:profileinstaller:1.3.0] AndroidManifest.xml:31:17-49
241        </provider>
242
243        <service
243-->[androidx.work:work-runtime:2.7.0] AndroidManifest.xml:41:9-46:35
244            android:name="androidx.work.impl.background.systemalarm.SystemAlarmService"
244-->[androidx.work:work-runtime:2.7.0] AndroidManifest.xml:42:13-88
245            android:directBootAware="false"
245-->[androidx.work:work-runtime:2.7.0] AndroidManifest.xml:43:13-44
246            android:enabled="@bool/enable_system_alarm_service_default"
246-->[androidx.work:work-runtime:2.7.0] AndroidManifest.xml:44:13-72
247            android:exported="false" />
247-->[androidx.work:work-runtime:2.7.0] AndroidManifest.xml:45:13-37
248        <service
248-->[androidx.work:work-runtime:2.7.0] AndroidManifest.xml:47:9-53:35
249            android:name="androidx.work.impl.background.systemjob.SystemJobService"
249-->[androidx.work:work-runtime:2.7.0] AndroidManifest.xml:48:13-84
250            android:directBootAware="false"
250-->[androidx.work:work-runtime:2.7.0] AndroidManifest.xml:49:13-44
251            android:enabled="@bool/enable_system_job_service_default"
251-->[androidx.work:work-runtime:2.7.0] AndroidManifest.xml:50:13-70
252            android:exported="true"
252-->[androidx.work:work-runtime:2.7.0] AndroidManifest.xml:51:13-36
253            android:permission="android.permission.BIND_JOB_SERVICE" />
253-->[androidx.work:work-runtime:2.7.0] AndroidManifest.xml:52:13-69
254        <service
254-->[androidx.work:work-runtime:2.7.0] AndroidManifest.xml:54:9-59:35
255            android:name="androidx.work.impl.foreground.SystemForegroundService"
255-->[androidx.work:work-runtime:2.7.0] AndroidManifest.xml:55:13-81
256            android:directBootAware="false"
256-->[androidx.work:work-runtime:2.7.0] AndroidManifest.xml:56:13-44
257            android:enabled="@bool/enable_system_foreground_service_default"
257-->[androidx.work:work-runtime:2.7.0] AndroidManifest.xml:57:13-77
258            android:exported="false" />
258-->[androidx.work:work-runtime:2.7.0] AndroidManifest.xml:58:13-37
259
260        <receiver
260-->[androidx.work:work-runtime:2.7.0] AndroidManifest.xml:61:9-66:35
261            android:name="androidx.work.impl.utils.ForceStopRunnable$BroadcastReceiver"
261-->[androidx.work:work-runtime:2.7.0] AndroidManifest.xml:62:13-88
262            android:directBootAware="false"
262-->[androidx.work:work-runtime:2.7.0] AndroidManifest.xml:63:13-44
263            android:enabled="true"
263-->[androidx.work:work-runtime:2.7.0] AndroidManifest.xml:64:13-35
264            android:exported="false" />
264-->[androidx.work:work-runtime:2.7.0] AndroidManifest.xml:65:13-37
265        <receiver
265-->[androidx.work:work-runtime:2.7.0] AndroidManifest.xml:67:9-77:20
266            android:name="androidx.work.impl.background.systemalarm.ConstraintProxy$BatteryChargingProxy"
266-->[androidx.work:work-runtime:2.7.0] AndroidManifest.xml:68:13-106
267            android:directBootAware="false"
267-->[androidx.work:work-runtime:2.7.0] AndroidManifest.xml:69:13-44
268            android:enabled="false"
268-->[androidx.work:work-runtime:2.7.0] AndroidManifest.xml:70:13-36
269            android:exported="false" >
269-->[androidx.work:work-runtime:2.7.0] AndroidManifest.xml:71:13-37
270            <intent-filter>
270-->[androidx.work:work-runtime:2.7.0] AndroidManifest.xml:73:13-76:29
271                <action android:name="android.intent.action.ACTION_POWER_CONNECTED" />
271-->[androidx.work:work-runtime:2.7.0] AndroidManifest.xml:74:17-87
271-->[androidx.work:work-runtime:2.7.0] AndroidManifest.xml:74:25-84
272                <action android:name="android.intent.action.ACTION_POWER_DISCONNECTED" />
272-->[androidx.work:work-runtime:2.7.0] AndroidManifest.xml:75:17-90
272-->[androidx.work:work-runtime:2.7.0] AndroidManifest.xml:75:25-87
273            </intent-filter>
274        </receiver>
275        <receiver
275-->[androidx.work:work-runtime:2.7.0] AndroidManifest.xml:78:9-88:20
276            android:name="androidx.work.impl.background.systemalarm.ConstraintProxy$BatteryNotLowProxy"
276-->[androidx.work:work-runtime:2.7.0] AndroidManifest.xml:79:13-104
277            android:directBootAware="false"
277-->[androidx.work:work-runtime:2.7.0] AndroidManifest.xml:80:13-44
278            android:enabled="false"
278-->[androidx.work:work-runtime:2.7.0] AndroidManifest.xml:81:13-36
279            android:exported="false" >
279-->[androidx.work:work-runtime:2.7.0] AndroidManifest.xml:82:13-37
280            <intent-filter>
280-->[androidx.work:work-runtime:2.7.0] AndroidManifest.xml:84:13-87:29
281                <action android:name="android.intent.action.BATTERY_OKAY" />
281-->[androidx.work:work-runtime:2.7.0] AndroidManifest.xml:85:17-77
281-->[androidx.work:work-runtime:2.7.0] AndroidManifest.xml:85:25-74
282                <action android:name="android.intent.action.BATTERY_LOW" />
282-->[androidx.work:work-runtime:2.7.0] AndroidManifest.xml:86:17-76
282-->[androidx.work:work-runtime:2.7.0] AndroidManifest.xml:86:25-73
283            </intent-filter>
284        </receiver>
285        <receiver
285-->[androidx.work:work-runtime:2.7.0] AndroidManifest.xml:89:9-99:20
286            android:name="androidx.work.impl.background.systemalarm.ConstraintProxy$StorageNotLowProxy"
286-->[androidx.work:work-runtime:2.7.0] AndroidManifest.xml:90:13-104
287            android:directBootAware="false"
287-->[androidx.work:work-runtime:2.7.0] AndroidManifest.xml:91:13-44
288            android:enabled="false"
288-->[androidx.work:work-runtime:2.7.0] AndroidManifest.xml:92:13-36
289            android:exported="false" >
289-->[androidx.work:work-runtime:2.7.0] AndroidManifest.xml:93:13-37
290            <intent-filter>
290-->[androidx.work:work-runtime:2.7.0] AndroidManifest.xml:95:13-98:29
291                <action android:name="android.intent.action.DEVICE_STORAGE_LOW" />
291-->[androidx.work:work-runtime:2.7.0] AndroidManifest.xml:96:17-83
291-->[androidx.work:work-runtime:2.7.0] AndroidManifest.xml:96:25-80
292                <action android:name="android.intent.action.DEVICE_STORAGE_OK" />